{"C:\\Users\\Martin\\Desktop\\node-js-app\\Forum\\routes\\about\\about-controller.js":{"path":"C:\\Users\\Martin\\Desktop\\node-js-app\\Forum\\routes\\about\\about-controller.js","s":{"1":1,"2":1,"3":1,"4":1},"b":{},"f":{"1":1},"fnMap":{"1":{"name":"(anonymous_1)","line":2,"loc":{"start":{"line":2,"column":13},"end":{"line":2,"column":24}}}},"statementMap":{"1":{"start":{"line":1,"column":0},"end":{"line":6,"column":2}},"2":{"start":{"line":3,"column":8},"end":{"line":3,"column":30}},"3":{"start":{"line":4,"column":8},"end":{"line":4,"column":38}},"4":{"start":{"line":9,"column":0},"end":{"line":9,"column":28}}},"branchMap":{}},"C:\\Users\\Martin\\Desktop\\node-js-app\\Forum\\models\\paging.js":{"path":"C:\\Users\\Martin\\Desktop\\node-js-app\\Forum\\models\\paging.js","s":{"1":10,"2":10,"3":10,"4":10,"5":2,"6":10,"7":1,"8":1,"9":9,"10":9,"11":24,"12":24,"13":9,"14":9,"15":1,"16":8,"17":4,"18":4,"19":1,"20":3,"21":4,"22":9,"23":6,"24":4,"25":2,"26":1,"27":1,"28":1,"29":5,"30":1},"b":{"1":[2,8],"2":[1,9],"3":[10,9],"4":[33,30],"5":[1,8],"6":[9,2],"7":[4,4],"8":[8,7],"9":[1,3],"10":[4,3],"11":[4,2],"12":[1,1]},"f":{"1":10,"2":6},"fnMap":{"1":{"name":"(anonymous_1)","line":2,"loc":{"start":{"line":2,"column":10},"end":{"line":2,"column":35}}},"2":{"name":"(anonymous_2)","line":39,"loc":{"start":{"line":39,"column":14},"end":{"line":39,"column":21}}}},"statementMap":{"1":{"start":{"line":3,"column":8},"end":{"line":3,"column":18}},"2":{"start":{"line":4,"column":8},"end":{"line":4,"column":38}},"3":{"start":{"line":5,"column":8},"end":{"line":5,"column":59}},"4":{"start":{"line":6,"column":8},"end":{"line":8,"column":9}},"5":{"start":{"line":7,"column":12},"end":{"line":7,"column":25}},"6":{"start":{"line":9,"column":8},"end":{"line":12,"column":9}},"7":{"start":{"line":10,"column":12},"end":{"line":10,"column":58}},"8":{"start":{"line":11,"column":12},"end":{"line":11,"column":29}},"9":{"start":{"line":14,"column":8},"end":{"line":14,"column":50}},"10":{"start":{"line":15,"column":8},"end":{"line":18,"column":9}},"11":{"start":{"line":16,"column":12},"end":{"line":16,"column":57}},"12":{"start":{"line":17,"column":12},"end":{"line":17,"column":16}},"13":{"start":{"line":19,"column":8},"end":{"line":19,"column":29}},"14":{"start":{"line":20,"column":8},"end":{"line":30,"column":9}},"15":{"start":{"line":21,"column":12},"end":{"line":21,"column":53}},"16":{"start":{"line":22,"column":15},"end":{"line":30,"column":9}},"17":{"start":{"line":23,"column":12},"end":{"line":23,"column":53}},"18":{"start":{"line":24,"column":15},"end":{"line":30,"column":9}},"19":{"start":{"line":25,"column":12},"end":{"line":25,"column":53}},"20":{"start":{"line":27,"column":12},"end":{"line":29,"column":13}},"21":{"start":{"line":28,"column":16},"end":{"line":28,"column":34}},"22":{"start":{"line":32,"column":8},"end":{"line":36,"column":10}},"23":{"start":{"line":40,"column":8},"end":{"line":47,"column":9}},"24":{"start":{"line":41,"column":12},"end":{"line":41,"column":21}},"25":{"start":{"line":42,"column":15},"end":{"line":47,"column":9}},"26":{"start":{"line":43,"column":12},"end":{"line":43,"column":50}},"27":{"start":{"line":44,"column":12},"end":{"line":44,"column":29}},"28":{"start":{"line":46,"column":12},"end":{"line":46,"column":38}},"29":{"start":{"line":49,"column":8},"end":{"line":49,"column":20}},"30":{"start":{"line":54,"column":0},"end":{"line":54,"column":35}}},"branchMap":{"1":{"line":6,"type":"if","locations":[{"start":{"line":6,"column":8},"end":{"line":6,"column":8}},{"start":{"line":6,"column":8},"end":{"line":6,"column":8}}]},"2":{"line":9,"type":"if","locations":[{"start":{"line":9,"column":8},"end":{"line":9,"column":8}},{"start":{"line":9,"column":8},"end":{"line":9,"column":8}}]},"3":{"line":9,"type":"binary-expr","locations":[{"start":{"line":9,"column":12},"end":{"line":9,"column":20}},{"start":{"line":9,"column":24},"end":{"line":9,"column":39}}]},"4":{"line":15,"type":"binary-expr","locations":[{"start":{"line":15,"column":15},"end":{"line":15,"column":40}},{"start":{"line":15,"column":44},"end":{"line":15,"column":53}}]},"5":{"line":20,"type":"if","locations":[{"start":{"line":20,"column":8},"end":{"line":20,"column":8}},{"start":{"line":20,"column":8},"end":{"line":20,"column":8}}]},"6":{"line":20,"type":"binary-expr","locations":[{"start":{"line":20,"column":12},"end":{"line":20,"column":20}},{"start":{"line":20,"column":24},"end":{"line":20,"column":39}}]},"7":{"line":22,"type":"if","locations":[{"start":{"line":22,"column":15},"end":{"line":22,"column":15}},{"start":{"line":22,"column":15},"end":{"line":22,"column":15}}]},"8":{"line":22,"type":"binary-expr","locations":[{"start":{"line":22,"column":19},"end":{"line":22,"column":29}},{"start":{"line":22,"column":33},"end":{"line":22,"column":45}}]},"9":{"line":24,"type":"if","locations":[{"start":{"line":24,"column":15},"end":{"line":24,"column":15}},{"start":{"line":24,"column":15},"end":{"line":24,"column":15}}]},"10":{"line":24,"type":"binary-expr","locations":[{"start":{"line":24,"column":19},"end":{"line":24,"column":36}},{"start":{"line":24,"column":40},"end":{"line":24,"column":52}}]},"11":{"line":40,"type":"if","locations":[{"start":{"line":40,"column":8},"end":{"line":40,"column":8}},{"start":{"line":40,"column":8},"end":{"line":40,"column":8}}]},"12":{"line":42,"type":"if","locations":[{"start":{"line":42,"column":15},"end":{"line":42,"column":15}},{"start":{"line":42,"column":15},"end":{"line":42,"column":15}}]}}},"C:\\Users\\Martin\\Desktop\\node-js-app\\Forum\\routes\\start\\start-controller.js":{"path":"C:\\Users\\Martin\\Desktop\\node-js-app\\Forum\\routes\\start\\start-controller.js","s":{"1":1,"2":3,"3":3,"4":2,"5":1,"6":1,"7":1},"b":{},"f":{"1":3},"fnMap":{"1":{"name":"(anonymous_1)","line":2,"loc":{"start":{"line":2,"column":12},"end":{"line":2,"column":32}}}},"statementMap":{"1":{"start":{"line":1,"column":0},"end":{"line":17,"column":2}},"2":{"start":{"line":3,"column":8},"end":{"line":3,"column":30}},"3":{"start":{"line":4,"column":8},"end":{"line":14,"column":15}},"4":{"start":{"line":6,"column":16},"end":{"line":9,"column":19}},"5":{"start":{"line":12,"column":16},"end":{"line":12,"column":74}},"6":{"start":{"line":13,"column":16},"end":{"line":13,"column":65}},"7":{"start":{"line":20,"column":0},"end":{"line":20,"column":28}}},"branchMap":{}},"C:\\Users\\Martin\\Desktop\\node-js-app\\Forum\\app.js":{"path":"C:\\Users\\Martin\\Desktop\\node-js-app\\Forum\\app.js","s":{"1":1,"2":1,"3":1,"4":1,"5":1,"6":1,"7":1,"8":1,"9":1,"10":1,"11":1,"12":1,"13":1,"14":1,"15":9,"16":9,"17":9,"18":9,"19":9,"20":9,"21":9,"22":9,"23":9,"24":9,"25":9,"26":9,"27":0,"28":9,"29":9,"30":9,"31":9,"32":9,"33":9,"34":9,"35":9,"36":9,"37":9,"38":9,"39":9,"40":9,"41":0,"42":0,"43":9,"44":1},"b":{"1":[0,9],"2":[0,9]},"f":{},"fnMap":{},"statementMap":{"1":{"start":{"line":2,"column":0},"end":{"line":2,"column":35}},"2":{"start":{"line":3,"column":0},"end":{"line":3,"column":52}},"3":{"start":{"line":4,"column":0},"end":{"line":4,"column":52}},"4":{"start":{"line":5,"column":0},"end":{"line":5,"column":49}},"5":{"start":{"line":6,"column":0},"end":{"line":6,"column":52}},"6":{"start":{"line":7,"column":0},"end":{"line":7,"column":52}},"7":{"start":{"line":8,"column":0},"end":{"line":8,"column":29}},"8":{"start":{"line":9,"column":0},"end":{"line":9,"column":42}},"9":{"start":{"line":10,"column":0},"end":{"line":10,"column":51}},"10":{"start":{"line":11,"column":0},"end":{"line":11,"column":47}},"11":{"start":{"line":12,"column":0},"end":{"line":12,"column":43}},"12":{"start":{"line":13,"column":0},"end":{"line":13,"column":46}},"13":{"start":{"line":14,"column":0},"end":{"line":14,"column":39}},"14":{"start":{"line":16,"column":0},"end":{"line":73,"column":2}},"15":{"start":{"line":17,"column":4},"end":{"line":17,"column":26}},"16":{"start":{"line":19,"column":4},"end":{"line":19,"column":59}},"17":{"start":{"line":20,"column":4},"end":{"line":20,"column":53}},"18":{"start":{"line":21,"column":4},"end":{"line":21,"column":55}},"19":{"start":{"line":22,"column":4},"end":{"line":22,"column":50}},"20":{"start":{"line":23,"column":4},"end":{"line":23,"column":46}},"21":{"start":{"line":25,"column":4},"end":{"line":25,"column":52}},"22":{"start":{"line":26,"column":4},"end":{"line":26,"column":43}},"23":{"start":{"line":27,"column":4},"end":{"line":27,"column":34}},"24":{"start":{"line":28,"column":4},"end":{"line":28,"column":73}},"25":{"start":{"line":29,"column":4},"end":{"line":29,"column":78}},"26":{"start":{"line":30,"column":4},"end":{"line":34,"column":5}},"27":{"start":{"line":31,"column":8},"end":{"line":31,"column":59}},"28":{"start":{"line":33,"column":8},"end":{"line":33,"column":35}},"29":{"start":{"line":35,"column":4},"end":{"line":35,"column":36}},"30":{"start":{"line":36,"column":4},"end":{"line":43,"column":8}},"31":{"start":{"line":44,"column":4},"end":{"line":44,"column":21}},"32":{"start":{"line":46,"column":4},"end":{"line":46,"column":52}},"33":{"start":{"line":53,"column":4},"end":{"line":53,"column":30}},"34":{"start":{"line":54,"column":4},"end":{"line":54,"column":42}},"35":{"start":{"line":55,"column":4},"end":{"line":55,"column":25}},"36":{"start":{"line":56,"column":4},"end":{"line":56,"column":24}},"37":{"start":{"line":57,"column":4},"end":{"line":57,"column":15}},"38":{"start":{"line":58,"column":4},"end":{"line":58,"column":25}},"39":{"start":{"line":60,"column":4},"end":{"line":71,"column":11}},"40":{"start":{"line":62,"column":12},"end":{"line":70,"column":13}},"41":{"start":{"line":63,"column":16},"end":{"line":69,"column":17}},"42":{"start":{"line":64,"column":20},"end":{"line":68,"column":23}},"43":{"start":{"line":72,"column":4},"end":{"line":72,"column":32}},"44":{"start":{"line":75,"column":0},"end":{"line":77,"column":2}}},"branchMap":{"1":{"line":30,"type":"if","locations":[{"start":{"line":30,"column":4},"end":{"line":30,"column":4}},{"start":{"line":30,"column":4},"end":{"line":30,"column":4}}]},"2":{"line":62,"type":"if","locations":[{"start":{"line":62,"column":12},"end":{"line":62,"column":12}},{"start":{"line":62,"column":12},"end":{"line":62,"column":12}}]}}},"C:\\Users\\Martin\\Desktop\\node-js-app\\Forum\\routes\\posts\\posts-route.js":{"path":"C:\\Users\\Martin\\Desktop\\node-js-app\\Forum\\routes\\posts\\posts-route.js","s":{"1":1,"2":1,"3":1,"4":9,"5":9,"6":1,"7":2,"8":1,"9":0,"10":9,"11":1},"b":{},"f":{},"fnMap":{},"statementMap":{"1":{"start":{"line":1,"column":0},"end":{"line":1,"column":38}},"2":{"start":{"line":2,"column":0},"end":{"line":2,"column":49}},"3":{"start":{"line":4,"column":0},"end":{"line":22,"column":2}},"4":{"start":{"line":6,"column":4},"end":{"line":6,"column":32}},"5":{"start":{"line":7,"column":4},"end":{"line":19,"column":11}},"6":{"start":{"line":9,"column":12},"end":{"line":9,"column":47}},"7":{"start":{"line":12,"column":12},"end":{"line":12,"column":54}},"8":{"start":{"line":15,"column":12},"end":{"line":15,"column":46}},"9":{"start":{"line":18,"column":12},"end":{"line":18,"column":57}},"10":{"start":{"line":21,"column":4},"end":{"line":21,"column":30}},"11":{"start":{"line":24,"column":0},"end":{"line":24,"column":24}}},"branchMap":{}},"C:\\Users\\Martin\\Desktop\\node-js-app\\Forum\\routes\\posts\\posts-controller.js":{"path":"C:\\Users\\Martin\\Desktop\\node-js-app\\Forum\\routes\\posts\\posts-controller.js","s":{"1":1,"2":1,"3":1,"4":1,"5":1,"6":1,"7":0,"8":1,"9":1,"10":1,"11":1,"12":1,"13":0,"14":1,"15":1,"16":1,"17":1,"18":0,"19":0,"20":2,"21":2,"22":0,"23":2,"24":2,"25":0,"26":2,"27":2,"28":2,"29":2,"30":2,"31":0,"32":2,"33":2,"34":2,"35":2,"36":2,"37":2,"38":0,"39":2,"40":2,"41":2,"42":2,"43":0,"44":2,"45":2,"46":2,"47":2,"48":2,"49":2,"50":2,"51":0,"52":0,"53":0,"54":0,"55":1,"56":1,"57":1,"58":1,"59":1,"60":0,"61":0,"62":1,"63":0,"64":0,"65":0,"66":0,"67":0,"68":0,"69":0,"70":0,"71":0,"72":0,"73":0,"74":0,"75":0,"76":0,"77":0,"78":0,"79":0,"80":0,"81":0,"82":0,"83":0,"84":0,"85":0,"86":0,"87":0,"88":0,"89":0,"90":1},"b":{"1":[0,1],"2":[0,1],"3":[0,2],"4":[0,2],"5":[0,2],"6":[0,2],"7":[0,2],"8":[0,1],"9":[0,0],"10":[0,0]},"f":{"1":1,"2":2,"3":1,"4":0},"fnMap":{"1":{"name":"(anonymous_1)","line":5,"loc":{"start":{"line":5,"column":13},"end":{"line":5,"column":28}}},"2":{"name":"(anonymous_2)","line":45,"loc":{"start":{"line":45,"column":14},"end":{"line":45,"column":45}}},"3":{"name":"(anonymous_3)","line":113,"loc":{"start":{"line":113,"column":12},"end":{"line":113,"column":27}}},"4":{"name":"(anonymous_4)","line":126,"loc":{"start":{"line":126,"column":17},"end":{"line":126,"column":48}}}},"statementMap":{"1":{"start":{"line":2,"column":0},"end":{"line":2,"column":51}},"2":{"start":{"line":4,"column":0},"end":{"line":177,"column":2}},"3":{"start":{"line":6,"column":8},"end":{"line":6,"column":30}},"4":{"start":{"line":7,"column":8},"end":{"line":7,"column":45}},"5":{"start":{"line":9,"column":8},"end":{"line":10,"column":40}},"6":{"start":{"line":11,"column":8},"end":{"line":13,"column":9}},"7":{"start":{"line":12,"column":12},"end":{"line":12,"column":55}},"8":{"start":{"line":15,"column":8},"end":{"line":43,"column":15}},"9":{"start":{"line":17,"column":16},"end":{"line":17,"column":32}},"10":{"start":{"line":18,"column":16},"end":{"line":18,"column":31}},"11":{"start":{"line":19,"column":16},"end":{"line":20,"column":47}},"12":{"start":{"line":21,"column":16},"end":{"line":23,"column":17}},"13":{"start":{"line":22,"column":20},"end":{"line":22,"column":71}},"14":{"start":{"line":25,"column":16},"end":{"line":25,"column":66}},"15":{"start":{"line":27,"column":16},"end":{"line":27,"column":65}},"16":{"start":{"line":29,"column":16},"end":{"line":29,"column":60}},"17":{"start":{"line":31,"column":16},"end":{"line":38,"column":19}},"18":{"start":{"line":41,"column":16},"end":{"line":41,"column":80}},"19":{"start":{"line":42,"column":16},"end":{"line":42,"column":53}},"20":{"start":{"line":46,"column":8},"end":{"line":46,"column":24}},"21":{"start":{"line":47,"column":8},"end":{"line":51,"column":9}},"22":{"start":{"line":48,"column":12},"end":{"line":48,"column":28}},"23":{"start":{"line":50,"column":12},"end":{"line":50,"column":34}},"24":{"start":{"line":52,"column":8},"end":{"line":54,"column":9}},"25":{"start":{"line":53,"column":12},"end":{"line":53,"column":40}},"26":{"start":{"line":55,"column":8},"end":{"line":55,"column":45}},"27":{"start":{"line":56,"column":8},"end":{"line":56,"column":37}},"28":{"start":{"line":57,"column":8},"end":{"line":57,"column":35}},"29":{"start":{"line":58,"column":8},"end":{"line":59,"column":40}},"30":{"start":{"line":60,"column":8},"end":{"line":62,"column":9}},"31":{"start":{"line":61,"column":12},"end":{"line":61,"column":55}},"32":{"start":{"line":63,"column":8},"end":{"line":70,"column":10}},"33":{"start":{"line":71,"column":8},"end":{"line":111,"column":15}},"34":{"start":{"line":73,"column":16},"end":{"line":73,"column":32}},"35":{"start":{"line":74,"column":16},"end":{"line":74,"column":31}},"36":{"start":{"line":75,"column":16},"end":{"line":76,"column":47}},"37":{"start":{"line":77,"column":16},"end":{"line":79,"column":17}},"38":{"start":{"line":78,"column":20},"end":{"line":78,"column":71}},"39":{"start":{"line":81,"column":16},"end":{"line":81,"column":66}},"40":{"start":{"line":83,"column":16},"end":{"line":83,"column":65}},"41":{"start":{"line":85,"column":16},"end":{"line":85,"column":60}},"42":{"start":{"line":86,"column":16},"end":{"line":91,"column":17}},"43":{"start":{"line":87,"column":20},"end":{"line":87,"column":39}},"44":{"start":{"line":89,"column":20},"end":{"line":89,"column":59}},"45":{"start":{"line":90,"column":20},"end":{"line":90,"column":37}},"46":{"start":{"line":93,"column":16},"end":{"line":106,"column":23}},"47":{"start":{"line":95,"column":24},"end":{"line":95,"column":54}},"48":{"start":{"line":96,"column":24},"end":{"line":96,"column":57}},"49":{"start":{"line":97,"column":24},"end":{"line":101,"column":76}},"50":{"start":{"line":101,"column":40},"end":{"line":101,"column":74}},"51":{"start":{"line":104,"column":24},"end":{"line":104,"column":76}},"52":{"start":{"line":105,"column":24},"end":{"line":105,"column":61}},"53":{"start":{"line":109,"column":16},"end":{"line":109,"column":80}},"54":{"start":{"line":110,"column":16},"end":{"line":110,"column":53}},"55":{"start":{"line":114,"column":8},"end":{"line":114,"column":30}},"56":{"start":{"line":115,"column":8},"end":{"line":115,"column":45}},"57":{"start":{"line":116,"column":8},"end":{"line":116,"column":33}},"58":{"start":{"line":117,"column":8},"end":{"line":124,"column":11}},"59":{"start":{"line":118,"column":12},"end":{"line":123,"column":13}},"60":{"start":{"line":119,"column":16},"end":{"line":119,"column":72}},"61":{"start":{"line":120,"column":16},"end":{"line":120,"column":53}},"62":{"start":{"line":122,"column":16},"end":{"line":122,"column":71}},"63":{"start":{"line":127,"column":8},"end":{"line":127,"column":24}},"64":{"start":{"line":128,"column":8},"end":{"line":132,"column":9}},"65":{"start":{"line":129,"column":12},"end":{"line":129,"column":28}},"66":{"start":{"line":131,"column":12},"end":{"line":131,"column":34}},"67":{"start":{"line":133,"column":8},"end":{"line":135,"column":9}},"68":{"start":{"line":134,"column":12},"end":{"line":134,"column":40}},"69":{"start":{"line":136,"column":8},"end":{"line":136,"column":45}},"70":{"start":{"line":137,"column":8},"end":{"line":137,"column":33}},"71":{"start":{"line":138,"column":8},"end":{"line":138,"column":32}},"72":{"start":{"line":139,"column":8},"end":{"line":139,"column":35}},"73":{"start":{"line":140,"column":8},"end":{"line":145,"column":10}},"74":{"start":{"line":146,"column":8},"end":{"line":175,"column":15}},"75":{"start":{"line":147,"column":16},"end":{"line":147,"column":41}},"76":{"start":{"line":148,"column":16},"end":{"line":148,"column":50}},"77":{"start":{"line":149,"column":16},"end":{"line":170,"column":23}},"78":{"start":{"line":154,"column":24},"end":{"line":169,"column":31}},"79":{"start":{"line":156,"column":32},"end":{"line":156,"column":59}},"80":{"start":{"line":157,"column":32},"end":{"line":158,"column":76}},"81":{"start":{"line":158,"column":49},"end":{"line":158,"column":74}},"82":{"start":{"line":159,"column":32},"end":{"line":159,"column":63}},"83":{"start":{"line":160,"column":32},"end":{"line":161,"column":57}},"84":{"start":{"line":162,"column":32},"end":{"line":162,"column":65}},"85":{"start":{"line":163,"column":32},"end":{"line":163,"column":59}},"86":{"start":{"line":164,"column":32},"end":{"line":168,"column":80}},"87":{"start":{"line":167,"column":61},"end":{"line":168,"column":78}},"88":{"start":{"line":173,"column":16},"end":{"line":173,"column":79}},"89":{"start":{"line":174,"column":16},"end":{"line":174,"column":53}},"90":{"start":{"line":180,"column":0},"end":{"line":180,"column":28}}},"branchMap":{"1":{"line":11,"type":"if","locations":[{"start":{"line":11,"column":8},"end":{"line":11,"column":8}},{"start":{"line":11,"column":8},"end":{"line":11,"column":8}}]},"2":{"line":21,"type":"if","locations":[{"start":{"line":21,"column":16},"end":{"line":21,"column":16}},{"start":{"line":21,"column":16},"end":{"line":21,"column":16}}]},"3":{"line":47,"type":"if","locations":[{"start":{"line":47,"column":8},"end":{"line":47,"column":8}},{"start":{"line":47,"column":8},"end":{"line":47,"column":8}}]},"4":{"line":52,"type":"if","locations":[{"start":{"line":52,"column":8},"end":{"line":52,"column":8}},{"start":{"line":52,"column":8},"end":{"line":52,"column":8}}]},"5":{"line":60,"type":"if","locations":[{"start":{"line":60,"column":8},"end":{"line":60,"column":8}},{"start":{"line":60,"column":8},"end":{"line":60,"column":8}}]},"6":{"line":77,"type":"if","locations":[{"start":{"line":77,"column":16},"end":{"line":77,"column":16}},{"start":{"line":77,"column":16},"end":{"line":77,"column":16}}]},"7":{"line":86,"type":"if","locations":[{"start":{"line":86,"column":16},"end":{"line":86,"column":16}},{"start":{"line":86,"column":16},"end":{"line":86,"column":16}}]},"8":{"line":118,"type":"if","locations":[{"start":{"line":118,"column":12},"end":{"line":118,"column":12}},{"start":{"line":118,"column":12},"end":{"line":118,"column":12}}]},"9":{"line":128,"type":"if","locations":[{"start":{"line":128,"column":8},"end":{"line":128,"column":8}},{"start":{"line":128,"column":8},"end":{"line":128,"column":8}}]},"10":{"line":133,"type":"if","locations":[{"start":{"line":133,"column":8},"end":{"line":133,"column":8}},{"start":{"line":133,"column":8},"end":{"line":133,"column":8}}]}}},"C:\\Users\\Martin\\Desktop\\node-js-app\\Forum\\routes\\users\\users-route.js":{"path":"C:\\Users\\Martin\\Desktop\\node-js-app\\Forum\\routes\\users\\users-route.js","s":{"1":1,"2":1,"3":1,"4":9,"5":9,"6":1,"7":1,"8":1,"9":0,"10":9,"11":1},"b":{},"f":{},"fnMap":{},"statementMap":{"1":{"start":{"line":1,"column":0},"end":{"line":1,"column":38}},"2":{"start":{"line":2,"column":0},"end":{"line":2,"column":49}},"3":{"start":{"line":6,"column":0},"end":{"line":24,"column":2}},"4":{"start":{"line":8,"column":4},"end":{"line":8,"column":32}},"5":{"start":{"line":9,"column":4},"end":{"line":21,"column":11}},"6":{"start":{"line":11,"column":12},"end":{"line":11,"column":46}},"7":{"start":{"line":14,"column":12},"end":{"line":14,"column":54}},"8":{"start":{"line":17,"column":12},"end":{"line":17,"column":50}},"9":{"start":{"line":20,"column":12},"end":{"line":20,"column":55}},"10":{"start":{"line":23,"column":4},"end":{"line":23,"column":30}},"11":{"start":{"line":26,"column":0},"end":{"line":26,"column":24}}},"branchMap":{}},"C:\\Users\\Martin\\Desktop\\node-js-app\\Forum\\routes\\users\\users-controller.js":{"path":"C:\\Users\\Martin\\Desktop\\node-js-app\\Forum\\routes\\users\\users-controller.js","s":{"1":1,"2":1,"3":1,"4":1,"5":1,"6":1,"7":0,"8":0,"9":1,"10":1,"11":1,"12":0,"13":1,"14":0,"15":0,"16":1,"17":1,"18":1,"19":1,"20":1,"21":0,"22":0,"23":1,"24":0,"25":0,"26":1,"27":1,"28":1,"29":1,"30":1,"31":1,"32":1,"33":1,"34":0,"35":0,"36":0,"37":0,"38":0,"39":0,"40":0,"41":0,"42":0,"43":0,"44":0,"45":0,"46":0,"47":0,"48":0,"49":0,"50":0,"51":0,"52":0,"53":0,"54":0,"55":0,"56":0,"57":0,"58":0,"59":1},"b":{"1":[0,1],"2":[0,1],"3":[1,0],"4":[0,1],"5":[0,0]},"f":{"1":1,"2":1,"3":1,"4":0},"fnMap":{"1":{"name":"(anonymous_1)","line":2,"loc":{"start":{"line":2,"column":12},"end":{"line":2,"column":27}}},"2":{"name":"(anonymous_2)","line":35,"loc":{"start":{"line":35,"column":20},"end":{"line":35,"column":35}}},"3":{"name":"(anonymous_3)","line":56,"loc":{"start":{"line":56,"column":16},"end":{"line":56,"column":31}}},"4":{"name":"(anonymous_4)","line":71,"loc":{"start":{"line":71,"column":21},"end":{"line":71,"column":36}}}},"statementMap":{"1":{"start":{"line":1,"column":0},"end":{"line":118,"column":2}},"2":{"start":{"line":3,"column":8},"end":{"line":3,"column":30}},"3":{"start":{"line":4,"column":8},"end":{"line":4,"column":45}},"4":{"start":{"line":5,"column":8},"end":{"line":32,"column":15}},"5":{"start":{"line":6,"column":16},"end":{"line":6,"column":43}},"6":{"start":{"line":7,"column":16},"end":{"line":10,"column":17}},"7":{"start":{"line":8,"column":20},"end":{"line":8,"column":76}},"8":{"start":{"line":9,"column":20},"end":{"line":9,"column":69}},"9":{"start":{"line":11,"column":16},"end":{"line":11,"column":46}},"10":{"start":{"line":12,"column":16},"end":{"line":12,"column":32}},"11":{"start":{"line":13,"column":16},"end":{"line":27,"column":17}},"12":{"start":{"line":14,"column":20},"end":{"line":19,"column":23}},"13":{"start":{"line":21,"column":20},"end":{"line":26,"column":23}},"14":{"start":{"line":30,"column":16},"end":{"line":30,"column":72}},"15":{"start":{"line":31,"column":16},"end":{"line":31,"column":65}},"16":{"start":{"line":36,"column":8},"end":{"line":36,"column":30}},"17":{"start":{"line":41,"column":8},"end":{"line":41,"column":45}},"18":{"start":{"line":42,"column":8},"end":{"line":54,"column":15}},"19":{"start":{"line":44,"column":16},"end":{"line":44,"column":43}},"20":{"start":{"line":45,"column":16},"end":{"line":48,"column":17}},"21":{"start":{"line":46,"column":20},"end":{"line":46,"column":76}},"22":{"start":{"line":47,"column":20},"end":{"line":47,"column":76}},"23":{"start":{"line":49,"column":16},"end":{"line":49,"column":56}},"24":{"start":{"line":52,"column":16},"end":{"line":52,"column":72}},"25":{"start":{"line":53,"column":16},"end":{"line":53,"column":72}},"26":{"start":{"line":57,"column":8},"end":{"line":57,"column":30}},"27":{"start":{"line":58,"column":8},"end":{"line":58,"column":33}},"28":{"start":{"line":59,"column":8},"end":{"line":59,"column":45}},"29":{"start":{"line":60,"column":8},"end":{"line":69,"column":15}},"30":{"start":{"line":61,"column":16},"end":{"line":61,"column":39}},"31":{"start":{"line":62,"column":16},"end":{"line":63,"column":58}},"32":{"start":{"line":63,"column":33},"end":{"line":63,"column":56}},"33":{"start":{"line":64,"column":16},"end":{"line":64,"column":76}},"34":{"start":{"line":67,"column":16},"end":{"line":67,"column":72}},"35":{"start":{"line":68,"column":16},"end":{"line":68,"column":65}},"36":{"start":{"line":72,"column":8},"end":{"line":72,"column":30}},"37":{"start":{"line":73,"column":8},"end":{"line":75,"column":9}},"38":{"start":{"line":74,"column":12},"end":{"line":74,"column":40}},"39":{"start":{"line":76,"column":8},"end":{"line":76,"column":33}},"40":{"start":{"line":77,"column":8},"end":{"line":77,"column":45}},"41":{"start":{"line":78,"column":8},"end":{"line":78,"column":32}},"42":{"start":{"line":79,"column":8},"end":{"line":79,"column":35}},"43":{"start":{"line":80,"column":8},"end":{"line":85,"column":10}},"44":{"start":{"line":86,"column":8},"end":{"line":116,"column":15}},"45":{"start":{"line":87,"column":16},"end":{"line":87,"column":43}},"46":{"start":{"line":88,"column":16},"end":{"line":89,"column":58}},"47":{"start":{"line":89,"column":33},"end":{"line":89,"column":56}},"48":{"start":{"line":90,"column":16},"end":{"line":90,"column":47}},"49":{"start":{"line":91,"column":16},"end":{"line":91,"column":66}},"50":{"start":{"line":92,"column":16},"end":{"line":92,"column":49}},"51":{"start":{"line":93,"column":16},"end":{"line":93,"column":43}},"52":{"start":{"line":94,"column":16},"end":{"line":111,"column":23}},"53":{"start":{"line":99,"column":24},"end":{"line":110,"column":31}},"54":{"start":{"line":103,"column":32},"end":{"line":103,"column":57}},"55":{"start":{"line":104,"column":32},"end":{"line":104,"column":66}},"56":{"start":{"line":105,"column":32},"end":{"line":109,"column":80}},"57":{"start":{"line":114,"column":16},"end":{"line":114,"column":72}},"58":{"start":{"line":115,"column":16},"end":{"line":115,"column":65}},"59":{"start":{"line":121,"column":0},"end":{"line":121,"column":28}}},"branchMap":{"1":{"line":7,"type":"if","locations":[{"start":{"line":7,"column":16},"end":{"line":7,"column":16}},{"start":{"line":7,"column":16},"end":{"line":7,"column":16}}]},"2":{"line":13,"type":"if","locations":[{"start":{"line":13,"column":16},"end":{"line":13,"column":16}},{"start":{"line":13,"column":16},"end":{"line":13,"column":16}}]},"3":{"line":13,"type":"binary-expr","locations":[{"start":{"line":13,"column":20},"end":{"line":13,"column":24}},{"start":{"line":13,"column":28},"end":{"line":13,"column":54}}]},"4":{"line":45,"type":"if","locations":[{"start":{"line":45,"column":16},"end":{"line":45,"column":16}},{"start":{"line":45,"column":16},"end":{"line":45,"column":16}}]},"5":{"line":73,"type":"if","locations":[{"start":{"line":73,"column":8},"end":{"line":73,"column":8}},{"start":{"line":73,"column":8},"end":{"line":73,"column":8}}]}}},"C:\\Users\\Martin\\Desktop\\node-js-app\\Forum\\routes\\auth\\auth-route.js":{"path":"C:\\Users\\Martin\\Desktop\\node-js-app\\Forum\\routes\\auth\\auth-route.js","s":{"1":1,"2":1,"3":1,"4":1,"5":1,"6":1,"7":9,"8":9,"9":1,"10":1,"11":0,"12":1,"13":1,"14":9,"15":1},"b":{},"f":{},"fnMap":{},"statementMap":{"1":{"start":{"line":1,"column":0},"end":{"line":1,"column":38}},"2":{"start":{"line":2,"column":0},"end":{"line":2,"column":37}},"3":{"start":{"line":3,"column":0},"end":{"line":3,"column":33}},"4":{"start":{"line":4,"column":0},"end":{"line":4,"column":64}},"5":{"start":{"line":5,"column":0},"end":{"line":5,"column":48}},"6":{"start":{"line":8,"column":0},"end":{"line":39,"column":2}},"7":{"start":{"line":10,"column":4},"end":{"line":10,"column":32}},"8":{"start":{"line":11,"column":4},"end":{"line":36,"column":11}},"9":{"start":{"line":13,"column":12},"end":{"line":13,"column":43}},"10":{"start":{"line":21,"column":12},"end":{"line":21,"column":46}},"11":{"start":{"line":29,"column":12},"end":{"line":29,"column":40}},"12":{"start":{"line":32,"column":12},"end":{"line":32,"column":54}},"13":{"start":{"line":35,"column":12},"end":{"line":35,"column":51}},"14":{"start":{"line":38,"column":4},"end":{"line":38,"column":29}},"15":{"start":{"line":41,"column":0},"end":{"line":41,"column":24}}},"branchMap":{}},"C:\\Users\\Martin\\Desktop\\node-js-app\\Forum\\routes\\auth\\auth-controller.js":{"path":"C:\\Users\\Martin\\Desktop\\node-js-app\\Forum\\routes\\auth\\auth-controller.js","s":{"1":1,"2":1,"3":1,"4":1,"5":0,"6":1,"7":0,"8":0,"9":1,"10":1,"11":0,"12":1,"13":1,"14":1,"15":1,"16":1,"17":1,"18":0,"19":0,"20":0,"21":0,"22":0,"23":0,"24":0,"25":0,"26":1},"b":{"1":[0,1],"2":[0,1],"3":[1,0],"4":[0,0]},"f":{"1":1,"2":1,"3":0,"4":1,"5":1},"fnMap":{"1":{"name":"(anonymous_1)","line":2,"loc":{"start":{"line":2,"column":13},"end":{"line":2,"column":24}}},"2":{"name":"(anonymous_2)","line":5,"loc":{"start":{"line":5,"column":16},"end":{"line":5,"column":27}}},"3":{"name":"(anonymous_3)","line":14,"loc":{"start":{"line":14,"column":10},"end":{"line":14,"column":21}}},"4":{"name":"(anonymous_4)","line":18,"loc":{"start":{"line":18,"column":19},"end":{"line":18,"column":35}}},"5":{"name":"(anonymous_5)","line":27,"loc":{"start":{"line":27,"column":17},"end":{"line":27,"column":32}}}},"statementMap":{"1":{"start":{"line":1,"column":0},"end":{"line":52,"column":2}},"2":{"start":{"line":3,"column":8},"end":{"line":3,"column":68}},"3":{"start":{"line":6,"column":8},"end":{"line":6,"column":30}},"4":{"start":{"line":7,"column":8},"end":{"line":12,"column":9}},"5":{"start":{"line":9,"column":12},"end":{"line":9,"column":68}},"6":{"start":{"line":11,"column":12},"end":{"line":11,"column":68}},"7":{"start":{"line":15,"column":8},"end":{"line":15,"column":21}},"8":{"start":{"line":16,"column":8},"end":{"line":16,"column":26}},"9":{"start":{"line":19,"column":8},"end":{"line":19,"column":30}},"10":{"start":{"line":20,"column":8},"end":{"line":25,"column":9}},"11":{"start":{"line":21,"column":12},"end":{"line":21,"column":44}},"12":{"start":{"line":23,"column":12},"end":{"line":23,"column":73}},"13":{"start":{"line":24,"column":12},"end":{"line":24,"column":49}},"14":{"start":{"line":28,"column":8},"end":{"line":28,"column":30}},"15":{"start":{"line":29,"column":8},"end":{"line":31,"column":9}},"16":{"start":{"line":30,"column":12},"end":{"line":30,"column":40}},"17":{"start":{"line":32,"column":8},"end":{"line":50,"column":9}},"18":{"start":{"line":33,"column":12},"end":{"line":47,"column":19}},"19":{"start":{"line":35,"column":20},"end":{"line":35,"column":50}},"20":{"start":{"line":36,"column":20},"end":{"line":36,"column":69}},"21":{"start":{"line":37,"column":20},"end":{"line":46,"column":27}},"22":{"start":{"line":41,"column":28},"end":{"line":41,"column":46}},"23":{"start":{"line":44,"column":28},"end":{"line":44,"column":71}},"24":{"start":{"line":45,"column":28},"end":{"line":45,"column":59}},"25":{"start":{"line":49,"column":12},"end":{"line":49,"column":30}},"26":{"start":{"line":55,"column":0},"end":{"line":55,"column":28}}},"branchMap":{"1":{"line":7,"type":"if","locations":[{"start":{"line":7,"column":8},"end":{"line":7,"column":8}},{"start":{"line":7,"column":8},"end":{"line":7,"column":8}}]},"2":{"line":20,"type":"if","locations":[{"start":{"line":20,"column":8},"end":{"line":20,"column":8}},{"start":{"line":20,"column":8},"end":{"line":20,"column":8}}]},"3":{"line":29,"type":"if","locations":[{"start":{"line":29,"column":8},"end":{"line":29,"column":8}},{"start":{"line":29,"column":8},"end":{"line":29,"column":8}}]},"4":{"line":32,"type":"if","locations":[{"start":{"line":32,"column":8},"end":{"line":32,"column":8}},{"start":{"line":32,"column":8},"end":{"line":32,"column":8}}]}}},"C:\\Users\\Martin\\Desktop\\node-js-app\\Forum\\routes\\about\\about-route.js":{"path":"C:\\Users\\Martin\\Desktop\\node-js-app\\Forum\\routes\\about\\about-route.js","s":{"1":1,"2":1,"3":1,"4":9,"5":9,"6":0,"7":9,"8":1},"b":{},"f":{},"fnMap":{},"statementMap":{"1":{"start":{"line":1,"column":0},"end":{"line":1,"column":38}},"2":{"start":{"line":2,"column":0},"end":{"line":2,"column":49}},"3":{"start":{"line":4,"column":0},"end":{"line":14,"column":2}},"4":{"start":{"line":6,"column":4},"end":{"line":6,"column":32}},"5":{"start":{"line":7,"column":4},"end":{"line":11,"column":11}},"6":{"start":{"line":10,"column":12},"end":{"line":10,"column":43}},"7":{"start":{"line":13,"column":4},"end":{"line":13,"column":30}},"8":{"start":{"line":16,"column":0},"end":{"line":16,"column":24}}},"branchMap":{}},"C:\\Users\\Martin\\Desktop\\node-js-app\\Forum\\routes\\start\\start-route.js":{"path":"C:\\Users\\Martin\\Desktop\\node-js-app\\Forum\\routes\\start\\start-route.js","s":{"1":1,"2":1,"3":1,"4":9,"5":9,"6":1,"7":9,"8":1},"b":{},"f":{},"fnMap":{},"statementMap":{"1":{"start":{"line":1,"column":0},"end":{"line":1,"column":38}},"2":{"start":{"line":2,"column":0},"end":{"line":2,"column":49}},"3":{"start":{"line":4,"column":0},"end":{"line":12,"column":2}},"4":{"start":{"line":6,"column":4},"end":{"line":6,"column":32}},"5":{"start":{"line":7,"column":4},"end":{"line":10,"column":11}},"6":{"start":{"line":9,"column":12},"end":{"line":9,"column":51}},"7":{"start":{"line":11,"column":4},"end":{"line":11,"column":25}},"8":{"start":{"line":14,"column":0},"end":{"line":14,"column":24}}},"branchMap":{}},"C:\\Users\\Martin\\Desktop\\node-js-app\\Forum\\config\\auth.config.js":{"path":"C:\\Users\\Martin\\Desktop\\node-js-app\\Forum\\config\\auth.config.js","s":{"1":1,"2":1,"3":1,"4":1,"5":1,"6":1,"7":1,"8":1,"9":1,"10":1,"11":1,"12":1,"13":9,"14":2,"15":2,"16":1,"17":1,"18":1,"19":0,"20":1,"21":0,"22":1,"23":0,"24":1,"25":1,"26":1,"27":0,"28":1,"29":0,"30":1,"31":0,"32":1,"33":0,"34":1,"35":0,"36":1,"37":1,"38":0,"39":1,"40":1,"41":1,"42":1,"43":0,"44":0,"45":0,"46":0,"47":9,"48":9,"49":9,"50":2,"51":9,"52":0,"53":0,"54":0,"55":0,"56":0,"57":0,"58":0,"59":1},"b":{"1":[1,1],"2":[0,1],"3":[0,1],"4":[0,1],"5":[1,1,1,1],"6":[0,1],"7":[0,1],"8":[0,1],"9":[0,1],"10":[0,1],"11":[0,0],"12":[0,0]},"f":{"1":1,"2":1},"fnMap":{"1":{"name":"validateEmail","line":8,"loc":{"start":{"line":8,"column":0},"end":{"line":8,"column":30}}},"2":{"name":"validateUsername","line":13,"loc":{"start":{"line":13,"column":0},"end":{"line":13,"column":36}}}},"statementMap":{"1":{"start":{"line":2,"column":0},"end":{"line":2,"column":37}},"2":{"start":{"line":3,"column":0},"end":{"line":3,"column":46}},"3":{"start":{"line":4,"column":0},"end":{"line":4,"column":43}},"4":{"start":{"line":5,"column":0},"end":{"line":5,"column":47}},"5":{"start":{"line":6,"column":0},"end":{"line":6,"column":43}},"6":{"start":{"line":8,"column":0},"end":{"line":11,"column":1}},"7":{"start":{"line":9,"column":4},"end":{"line":9,"column":171}},"8":{"start":{"line":10,"column":4},"end":{"line":10,"column":26}},"9":{"start":{"line":13,"column":0},"end":{"line":16,"column":1}},"10":{"start":{"line":14,"column":4},"end":{"line":14,"column":36}},"11":{"start":{"line":15,"column":4},"end":{"line":15,"column":29}},"12":{"start":{"line":18,"column":0},"end":{"line":125,"column":2}},"13":{"start":{"line":19,"column":4},"end":{"line":104,"column":7}},"14":{"start":{"line":23,"column":12},"end":{"line":23,"column":41}},"15":{"start":{"line":25,"column":12},"end":{"line":47,"column":13}},"16":{"start":{"line":27,"column":16},"end":{"line":27,"column":75}},"17":{"start":{"line":28,"column":16},"end":{"line":46,"column":23}},"18":{"start":{"line":33,"column":24},"end":{"line":41,"column":25}},"19":{"start":{"line":34,"column":28},"end":{"line":36,"column":31}},"20":{"start":{"line":37,"column":31},"end":{"line":41,"column":25}},"21":{"start":{"line":38,"column":28},"end":{"line":40,"column":31}},"22":{"start":{"line":42,"column":24},"end":{"line":42,"column":52}},"23":{"start":{"line":45,"column":24},"end":{"line":45,"column":40}},"24":{"start":{"line":51,"column":12},"end":{"line":51,"column":61}},"25":{"start":{"line":52,"column":12},"end":{"line":52,"column":29}},"26":{"start":{"line":53,"column":12},"end":{"line":57,"column":13}},"27":{"start":{"line":54,"column":16},"end":{"line":56,"column":19}},"28":{"start":{"line":59,"column":12},"end":{"line":63,"column":13}},"29":{"start":{"line":60,"column":16},"end":{"line":62,"column":19}},"30":{"start":{"line":64,"column":12},"end":{"line":68,"column":13}},"31":{"start":{"line":65,"column":16},"end":{"line":67,"column":19}},"32":{"start":{"line":69,"column":12},"end":{"line":73,"column":13}},"33":{"start":{"line":70,"column":16},"end":{"line":72,"column":19}},"34":{"start":{"line":74,"column":12},"end":{"line":78,"column":13}},"35":{"start":{"line":75,"column":16},"end":{"line":77,"column":19}},"36":{"start":{"line":79,"column":12},"end":{"line":102,"column":19}},"37":{"start":{"line":81,"column":20},"end":{"line":85,"column":21}},"38":{"start":{"line":82,"column":24},"end":{"line":84,"column":27}},"39":{"start":{"line":88,"column":20},"end":{"line":88,"column":67}},"40":{"start":{"line":89,"column":20},"end":{"line":89,"column":73}},"41":{"start":{"line":90,"column":20},"end":{"line":97,"column":27}},"42":{"start":{"line":93,"column":28},"end":{"line":93,"column":48}},"43":{"start":{"line":95,"column":28},"end":{"line":95,"column":76}},"44":{"start":{"line":96,"column":28},"end":{"line":96,"column":42}},"45":{"start":{"line":100,"column":20},"end":{"line":100,"column":71}},"46":{"start":{"line":101,"column":20},"end":{"line":101,"column":34}},"47":{"start":{"line":106,"column":4},"end":{"line":106,"column":35}},"48":{"start":{"line":107,"column":4},"end":{"line":107,"column":32}},"49":{"start":{"line":109,"column":4},"end":{"line":111,"column":7}},"50":{"start":{"line":110,"column":8},"end":{"line":110,"column":29}},"51":{"start":{"line":113,"column":4},"end":{"line":124,"column":7}},"52":{"start":{"line":114,"column":8},"end":{"line":123,"column":37}},"53":{"start":{"line":116,"column":16},"end":{"line":120,"column":17}},"54":{"start":{"line":117,"column":20},"end":{"line":117,"column":59}},"55":{"start":{"line":118,"column":23},"end":{"line":120,"column":17}},"56":{"start":{"line":119,"column":20},"end":{"line":119,"column":76}},"57":{"start":{"line":121,"column":16},"end":{"line":121,"column":44}},"58":{"start":{"line":123,"column":27},"end":{"line":123,"column":35}},"59":{"start":{"line":127,"column":0},"end":{"line":127,"column":28}}},"branchMap":{"1":{"line":25,"type":"if","locations":[{"start":{"line":25,"column":12},"end":{"line":25,"column":12}},{"start":{"line":25,"column":12},"end":{"line":25,"column":12}}]},"2":{"line":33,"type":"if","locations":[{"start":{"line":33,"column":24},"end":{"line":33,"column":24}},{"start":{"line":33,"column":24},"end":{"line":33,"column":24}}]},"3":{"line":37,"type":"if","locations":[{"start":{"line":37,"column":31},"end":{"line":37,"column":31}},{"start":{"line":37,"column":31},"end":{"line":37,"column":31}}]},"4":{"line":53,"type":"if","locations":[{"start":{"line":53,"column":12},"end":{"line":53,"column":12}},{"start":{"line":53,"column":12},"end":{"line":53,"column":12}}]},"5":{"line":53,"type":"binary-expr","locations":[{"start":{"line":53,"column":16},"end":{"line":53,"column":25}},{"start":{"line":53,"column":29},"end":{"line":53,"column":38}},{"start":{"line":53,"column":42},"end":{"line":53,"column":48}},{"start":{"line":53,"column":52},"end":{"line":53,"column":67}}]},"6":{"line":59,"type":"if","locations":[{"start":{"line":59,"column":12},"end":{"line":59,"column":12}},{"start":{"line":59,"column":12},"end":{"line":59,"column":12}}]},"7":{"line":64,"type":"if","locations":[{"start":{"line":64,"column":12},"end":{"line":64,"column":12}},{"start":{"line":64,"column":12},"end":{"line":64,"column":12}}]},"8":{"line":69,"type":"if","locations":[{"start":{"line":69,"column":12},"end":{"line":69,"column":12}},{"start":{"line":69,"column":12},"end":{"line":69,"column":12}}]},"9":{"line":74,"type":"if","locations":[{"start":{"line":74,"column":12},"end":{"line":74,"column":12}},{"start":{"line":74,"column":12},"end":{"line":74,"column":12}}]},"10":{"line":81,"type":"if","locations":[{"start":{"line":81,"column":20},"end":{"line":81,"column":20}},{"start":{"line":81,"column":20},"end":{"line":81,"column":20}}]},"11":{"line":116,"type":"if","locations":[{"start":{"line":116,"column":16},"end":{"line":116,"column":16}},{"start":{"line":116,"column":16},"end":{"line":116,"column":16}}]},"12":{"line":118,"type":"if","locations":[{"start":{"line":118,"column":23},"end":{"line":118,"column":23}},{"start":{"line":118,"column":23},"end":{"line":118,"column":23}}]}}},"C:\\Users\\Martin\\Desktop\\node-js-app\\Forum\\models\\crypto.js":{"path":"C:\\Users\\Martin\\Desktop\\node-js-app\\Forum\\models\\crypto.js","s":{"1":1,"2":1,"3":2,"4":2,"5":1},"b":{},"f":{"1":2},"fnMap":{"1":{"name":"(anonymous_1)","line":8,"loc":{"start":{"line":8,"column":11},"end":{"line":8,"column":21}}}},"statementMap":{"1":{"start":{"line":3,"column":0},"end":{"line":3,"column":38}},"2":{"start":{"line":5,"column":0},"end":{"line":5,"column":41}},"3":{"start":{"line":9,"column":8},"end":{"line":9,"column":64}},"4":{"start":{"line":10,"column":8},"end":{"line":10,"column":29}},"5":{"start":{"line":15,"column":0},"end":{"line":15,"column":28}}},"branchMap":{}},"C:\\Users\\Martin\\Desktop\\node-js-app\\Forum\\database\\mongodb.js":{"path":"C:\\Users\\Martin\\Desktop\\node-js-app\\Forum\\database\\mongodb.js","s":{"1":1,"2":1,"3":1,"4":10,"5":10,"6":10,"7":3,"8":3,"9":3,"10":3,"11":3,"12":0,"13":2,"14":2,"15":2,"16":2,"17":2,"18":0,"19":11,"20":11,"21":11,"22":11,"23":0,"24":7,"25":7,"26":7,"27":7,"28":0,"29":0,"30":0,"31":0,"32":0,"33":0,"34":1,"35":1,"36":1,"37":1,"38":1,"39":0,"40":1,"41":1,"42":1,"43":1,"44":1,"45":0,"46":0,"47":0,"48":0,"49":0,"50":0,"51":0,"52":1},"b":{},"f":{"1":10,"2":3,"3":2,"4":11,"5":7,"6":0,"7":1,"8":1,"9":0},"fnMap":{"1":{"name":"(anonymous_1)","line":5,"loc":{"start":{"line":5,"column":15},"end":{"line":5,"column":34}}},"2":{"name":"(anonymous_2)","line":12,"loc":{"start":{"line":12,"column":10},"end":{"line":12,"column":31}}},"3":{"name":"(anonymous_3)","line":28,"loc":{"start":{"line":28,"column":10},"end":{"line":28,"column":39}}},"4":{"name":"(anonymous_4)","line":44,"loc":{"start":{"line":44,"column":11},"end":{"line":44,"column":24}}},"5":{"name":"(anonymous_5)","line":59,"loc":{"start":{"line":59,"column":8},"end":{"line":59,"column":29}}},"6":{"name":"(anonymous_6)","line":74,"loc":{"start":{"line":74,"column":11},"end":{"line":74,"column":32}}},"7":{"name":"(anonymous_7)","line":88,"loc":{"start":{"line":88,"column":12},"end":{"line":88,"column":29}}},"8":{"name":"(anonymous_8)","line":104,"loc":{"start":{"line":104,"column":10},"end":{"line":104,"column":31}}},"9":{"name":"(anonymous_9)","line":120,"loc":{"start":{"line":120,"column":13},"end":{"line":120,"column":26}}}},"statementMap":{"1":{"start":{"line":1,"column":0},"end":{"line":1,"column":43}},"2":{"start":{"line":2,"column":0},"end":{"line":2,"column":45}},"3":{"start":{"line":4,"column":0},"end":{"line":135,"column":2}},"4":{"start":{"line":6,"column":8},"end":{"line":6,"column":49}},"5":{"start":{"line":7,"column":8},"end":{"line":9,"column":11}},"6":{"start":{"line":8,"column":12},"end":{"line":8,"column":64}},"7":{"start":{"line":13,"column":8},"end":{"line":25,"column":11}},"8":{"start":{"line":14,"column":12},"end":{"line":24,"column":19}},"9":{"start":{"line":16,"column":20},"end":{"line":16,"column":71}},"10":{"start":{"line":17,"column":20},"end":{"line":17,"column":52}},"11":{"start":{"line":18,"column":20},"end":{"line":20,"column":36}},"12":{"start":{"line":23,"column":20},"end":{"line":23,"column":31}},"13":{"start":{"line":29,"column":8},"end":{"line":41,"column":11}},"14":{"start":{"line":30,"column":12},"end":{"line":40,"column":19}},"15":{"start":{"line":32,"column":20},"end":{"line":32,"column":71}},"16":{"start":{"line":33,"column":20},"end":{"line":33,"column":60}},"17":{"start":{"line":34,"column":20},"end":{"line":36,"column":36}},"18":{"start":{"line":39,"column":20},"end":{"line":39,"column":31}},"19":{"start":{"line":45,"column":8},"end":{"line":56,"column":11}},"20":{"start":{"line":46,"column":12},"end":{"line":55,"column":19}},"21":{"start":{"line":48,"column":20},"end":{"line":50,"column":35}},"22":{"start":{"line":51,"column":20},"end":{"line":51,"column":44}},"23":{"start":{"line":54,"column":20},"end":{"line":54,"column":31}},"24":{"start":{"line":60,"column":8},"end":{"line":71,"column":11}},"25":{"start":{"line":61,"column":12},"end":{"line":70,"column":19}},"26":{"start":{"line":63,"column":20},"end":{"line":65,"column":35}},"27":{"start":{"line":66,"column":20},"end":{"line":66,"column":44}},"28":{"start":{"line":69,"column":20},"end":{"line":69,"column":31}},"29":{"start":{"line":75,"column":8},"end":{"line":85,"column":11}},"30":{"start":{"line":76,"column":12},"end":{"line":84,"column":19}},"31":{"start":{"line":78,"column":20},"end":{"line":79,"column":41}},"32":{"start":{"line":80,"column":20},"end":{"line":80,"column":35}},"33":{"start":{"line":83,"column":20},"end":{"line":83,"column":31}},"34":{"start":{"line":89,"column":8},"end":{"line":89,"column":42}},"35":{"start":{"line":90,"column":8},"end":{"line":101,"column":11}},"36":{"start":{"line":91,"column":12},"end":{"line":100,"column":19}},"37":{"start":{"line":93,"column":20},"end":{"line":95,"column":35}},"38":{"start":{"line":96,"column":20},"end":{"line":96,"column":44}},"39":{"start":{"line":99,"column":20},"end":{"line":99,"column":31}},"40":{"start":{"line":105,"column":8},"end":{"line":117,"column":11}},"41":{"start":{"line":106,"column":12},"end":{"line":116,"column":19}},"42":{"start":{"line":108,"column":20},"end":{"line":108,"column":71}},"43":{"start":{"line":109,"column":20},"end":{"line":109,"column":56}},"44":{"start":{"line":110,"column":20},"end":{"line":112,"column":36}},"45":{"start":{"line":115,"column":20},"end":{"line":115,"column":31}},"46":{"start":{"line":121,"column":8},"end":{"line":133,"column":11}},"47":{"start":{"line":122,"column":12},"end":{"line":132,"column":19}},"48":{"start":{"line":124,"column":20},"end":{"line":124,"column":71}},"49":{"start":{"line":125,"column":20},"end":{"line":125,"column":52}},"50":{"start":{"line":126,"column":20},"end":{"line":128,"column":36}},"51":{"start":{"line":131,"column":20},"end":{"line":131,"column":31}},"52":{"start":{"line":137,"column":0},"end":{"line":137,"column":26}}},"branchMap":{}}}