TN:
SF:C:\Users\Martin\Desktop\node-js-app\Forum\routes\about\about-controller.js
FN:2,(anonymous_1)
FNF:1
FNH:1
FNDA:1,(anonymous_1)
DA:1,1
DA:3,1
DA:4,1
DA:8,1
LF:4
LH:4
BRF:0
BRH:0
end_of_record
TN:
SF:C:\Users\Martin\Desktop\node-js-app\Forum\models\paging.js
FN:2,(anonymous_1)
FN:39,(anonymous_2)
FNF:2
FNH:2
FNDA:7,(anonymous_1)
FNDA:3,(anonymous_2)
DA:3,7
DA:4,7
DA:5,7
DA:6,7
DA:7,2
DA:9,7
DA:10,1
DA:11,1
DA:14,6
DA:15,6
DA:16,9
DA:17,9
DA:19,6
DA:20,6
DA:21,1
DA:22,5
DA:23,1
DA:24,4
DA:25,1
DA:27,3
DA:28,4
DA:32,6
DA:40,3
DA:41,1
DA:42,2
DA:43,1
DA:44,1
DA:46,1
DA:49,2
DA:53,1
LF:30
LH:30
BRDA:6,1,0,2
BRDA:6,1,1,5
BRDA:9,2,0,1
BRDA:9,2,1,6
BRDA:9,3,0,7
BRDA:9,3,1,6
BRDA:15,4,0,15
BRDA:15,4,1,12
BRDA:20,5,0,1
BRDA:20,5,1,5
BRDA:20,6,0,6
BRDA:20,6,1,2
BRDA:22,7,0,1
BRDA:22,7,1,4
BRDA:22,8,0,5
BRDA:22,8,1,4
BRDA:24,9,0,1
BRDA:24,9,1,3
BRDA:24,10,0,4
BRDA:24,10,1,3
BRDA:40,11,0,1
BRDA:40,11,1,2
BRDA:42,12,0,1
BRDA:42,12,1,1
BRF:24
BRH:24
end_of_record
TN:
SF:C:\Users\Martin\Desktop\node-js-app\Forum\routes\start\start-controller.js
FN:2,(anonymous_1)
FNF:1
FNH:1
FNDA:3,(anonymous_1)
DA:1,1
DA:3,3
DA:4,3
DA:5,0
DA:7,3
DA:9,3
DA:11,2
DA:17,1
DA:18,1
DA:24,1
LF:10
LH:9
BRDA:4,1,0,0
BRDA:4,1,1,3
BRDA:4,2,0,3
BRDA:4,2,1,0
BRF:4
BRH:2
end_of_record
TN:
SF:C:\Users\Martin\Desktop\node-js-app\Forum\app.js
FNF:0
FNH:0
DA:2,1
DA:3,1
DA:4,1
DA:5,1
DA:6,1
DA:7,1
DA:8,1
DA:9,1
DA:10,1
DA:11,1
DA:12,1
DA:13,1
DA:14,1
DA:16,1
DA:17,5
DA:19,5
DA:20,5
DA:21,5
DA:23,5
DA:24,5
DA:25,5
DA:26,5
DA:27,5
DA:28,5
DA:29,0
DA:31,5
DA:33,5
DA:34,5
DA:42,5
DA:43,5
DA:51,5
DA:52,5
DA:53,5
DA:54,5
DA:55,5
DA:56,5
DA:58,5
DA:61,1
LF:38
LH:37
BRDA:28,1,0,0
BRDA:28,1,1,5
BRF:2
BRH:1
end_of_record
TN:
SF:C:\Users\Martin\Desktop\node-js-app\Forum\routes\posts\posts-route.js
FNF:0
FNH:0
DA:1,1
DA:2,1
DA:4,1
DA:5,5
DA:6,5
DA:8,0
DA:11,0
DA:14,0
DA:17,0
DA:20,5
DA:23,1
LF:11
LH:7
BRF:0
BRH:0
end_of_record
TN:
SF:C:\Users\Martin\Desktop\node-js-app\Forum\routes\posts\posts-controller.js
FN:4,(anonymous_1)
FN:45,(anonymous_2)
FN:111,(anonymous_3)
FN:125,(anonymous_4)
FNF:4
FNH:0
FNDA:0,(anonymous_1)
FNDA:0,(anonymous_2)
FNDA:0,(anonymous_3)
FNDA:0,(anonymous_4)
DA:1,1
DA:3,1
DA:5,0
DA:6,0
DA:9,0
DA:11,0
DA:12,0
DA:15,0
DA:17,0
DA:18,0
DA:19,0
DA:21,0
DA:22,0
DA:25,0
DA:27,0
DA:29,0
DA:31,0
DA:41,0
DA:42,0
DA:46,0
DA:47,0
DA:48,0
DA:50,0
DA:51,0
DA:52,0
DA:53,0
DA:55,0
DA:56,0
DA:58,0
DA:59,0
DA:67,0
DA:69,0
DA:70,0
DA:71,0
DA:73,0
DA:74,0
DA:77,0
DA:79,0
DA:81,0
DA:83,0
DA:85,0
DA:87,0
DA:95,0
DA:97,0
DA:98,0
DA:99,0
DA:100,0
DA:107,0
DA:108,0
DA:112,0
DA:113,0
DA:114,0
DA:115,0
DA:117,0
DA:118,0
DA:119,0
DA:121,0
DA:126,0
DA:127,0
DA:128,0
DA:130,0
DA:131,0
DA:132,0
DA:133,0
DA:134,0
DA:140,0
DA:141,0
DA:142,0
DA:143,0
DA:148,0
DA:153,0
DA:155,0
DA:156,0
DA:157,0
DA:158,0
DA:159,0
DA:161,0
DA:162,0
DA:163,0
DA:171,0
DA:172,0
DA:177,1
LF:82
LH:3
BRDA:11,1,0,0
BRDA:11,1,1,0
BRDA:21,2,0,0
BRDA:21,2,1,0
BRDA:47,3,0,0
BRDA:47,3,1,0
BRDA:55,4,0,0
BRDA:55,4,1,0
BRDA:73,5,0,0
BRDA:73,5,1,0
BRDA:117,6,0,0
BRDA:117,6,1,0
BRDA:127,7,0,0
BRDA:127,7,1,0
BRF:14
BRH:0
end_of_record
TN:
SF:C:\Users\Martin\Desktop\node-js-app\Forum\routes\users\users-route.js
FNF:0
FNH:0
DA:1,1
DA:2,1
DA:6,1
DA:7,5
DA:8,5
DA:10,1
DA:13,1
DA:16,1
DA:19,0
DA:22,5
DA:25,1
LF:11
LH:10
BRF:0
BRH:0
end_of_record
TN:
SF:C:\Users\Martin\Desktop\node-js-app\Forum\routes\users\users-controller.js
FN:2,(anonymous_1)
FN:35,(anonymous_2)
FN:57,(anonymous_3)
FN:72,(anonymous_4)
FNF:4
FNH:3
FNDA:1,(anonymous_1)
FNDA:1,(anonymous_2)
FNDA:1,(anonymous_3)
FNDA:0,(anonymous_4)
DA:1,1
DA:3,1
DA:4,1
DA:5,1
DA:6,1
DA:7,1
DA:8,0
DA:9,0
DA:11,1
DA:12,1
DA:13,1
DA:14,0
DA:21,1
DA:30,0
DA:31,0
DA:36,1
DA:37,1
DA:38,1
DA:39,1
DA:41,0
DA:42,0
DA:43,0
DA:44,0
DA:45,0
DA:46,0
DA:49,0
DA:52,0
DA:53,0
DA:55,0
DA:58,1
DA:59,1
DA:60,1
DA:61,1
DA:62,1
DA:63,1
DA:64,1
DA:65,1
DA:68,0
DA:69,0
DA:73,0
DA:74,0
DA:75,0
DA:77,0
DA:78,0
DA:79,0
DA:80,0
DA:81,0
DA:87,0
DA:88,0
DA:89,0
DA:90,0
DA:91,0
DA:92,0
DA:93,0
DA:94,0
DA:95,0
DA:100,0
DA:105,0
DA:109,0
DA:110,0
DA:111,0
DA:119,0
DA:120,0
DA:125,1
LF:64
LH:23
BRDA:7,1,0,0
BRDA:7,1,1,1
BRDA:13,2,0,0
BRDA:13,2,1,1
BRDA:13,3,0,1
BRDA:13,3,1,0
BRDA:37,4,0,1
BRDA:37,4,1,0
BRDA:44,5,0,0
BRDA:44,5,1,0
BRDA:74,6,0,0
BRDA:74,6,1,0
BRF:12
BRH:4
end_of_record
TN:
SF:C:\Users\Martin\Desktop\node-js-app\Forum\routes\auth\auth-route.js
FNF:0
FNH:0
DA:1,1
DA:2,1
DA:3,1
DA:4,1
DA:5,1
DA:8,1
DA:9,5
DA:10,5
DA:12,1
DA:20,1
DA:28,0
DA:31,1
DA:34,1
DA:37,5
DA:40,1
LF:15
LH:14
BRF:0
BRH:0
end_of_record
TN:
SF:C:\Users\Martin\Desktop\node-js-app\Forum\routes\auth\auth-controller.js
FN:2,(anonymous_1)
FN:5,(anonymous_2)
FN:14,(anonymous_3)
FN:19,(anonymous_4)
FN:33,(anonymous_5)
FNF:5
FNH:4
FNDA:1,(anonymous_1)
FNDA:1,(anonymous_2)
FNDA:0,(anonymous_3)
FNDA:1,(anonymous_4)
FNDA:1,(anonymous_5)
DA:1,1
DA:3,1
DA:6,1
DA:7,1
DA:9,0
DA:11,1
DA:15,0
DA:16,0
DA:17,0
DA:20,1
DA:21,1
DA:22,0
DA:24,1
DA:26,1
DA:27,0
DA:29,1
DA:30,1
DA:34,1
DA:35,1
DA:36,1
DA:38,1
DA:39,0
DA:41,0
DA:42,0
DA:43,0
DA:47,0
DA:50,0
DA:51,0
DA:55,0
DA:60,1
LF:30
LH:16
BRDA:7,1,0,0
BRDA:7,1,1,1
BRDA:21,2,0,0
BRDA:21,2,1,1
BRDA:21,3,0,1
BRDA:21,3,1,0
BRDA:26,4,0,0
BRDA:26,4,1,1
BRDA:35,5,0,1
BRDA:35,5,1,0
BRDA:38,6,0,0
BRDA:38,6,1,0
BRF:12
BRH:5
end_of_record
TN:
SF:C:\Users\Martin\Desktop\node-js-app\Forum\routes\about\about-route.js
FNF:0
FNH:0
DA:1,1
DA:2,1
DA:4,1
DA:5,5
DA:6,5
DA:9,0
DA:12,5
DA:15,1
LF:8
LH:7
BRF:0
BRH:0
end_of_record
TN:
SF:C:\Users\Martin\Desktop\node-js-app\Forum\routes\start\start-route.js
FNF:0
FNH:0
DA:1,1
DA:2,1
DA:4,1
DA:5,5
DA:6,5
DA:8,1
DA:10,5
DA:13,1
LF:8
LH:8
BRF:0
BRH:0
end_of_record
TN:
SF:C:\Users\Martin\Desktop\node-js-app\Forum\config\auth.config.js
FN:8,validateEmail
FN:13,validateUsername
FNF:2
FNH:2
FNDA:1,validateEmail
FNDA:1,validateUsername
DA:2,1
DA:3,1
DA:4,1
DA:5,1
DA:6,1
DA:8,1
DA:9,1
DA:10,1
DA:13,1
DA:14,1
DA:15,1
DA:18,1
DA:19,5
DA:23,2
DA:25,2
DA:27,1
DA:28,1
DA:33,1
DA:34,0
DA:37,1
DA:38,0
DA:42,1
DA:45,0
DA:51,1
DA:52,1
DA:53,1
DA:54,0
DA:59,1
DA:60,0
DA:64,1
DA:65,0
DA:69,1
DA:70,0
DA:74,1
DA:75,0
DA:79,1
DA:81,1
DA:82,0
DA:88,1
DA:89,1
DA:90,1
DA:93,1
DA:95,0
DA:96,0
DA:100,0
DA:101,0
DA:106,5
DA:107,5
DA:112,5
DA:113,5
DA:115,5
DA:116,2
DA:119,5
DA:120,0
DA:122,0
DA:123,0
DA:124,0
DA:125,0
DA:127,0
DA:129,0
DA:133,1
LF:61
LH:41
BRDA:25,1,0,1
BRDA:25,1,1,1
BRDA:33,2,0,0
BRDA:33,2,1,1
BRDA:37,3,0,0
BRDA:37,3,1,1
BRDA:53,4,0,0
BRDA:53,4,1,1
BRDA:53,5,0,1
BRDA:53,5,1,1
BRDA:53,5,2,1
BRDA:53,5,3,1
BRDA:59,6,0,0
BRDA:59,6,1,1
BRDA:64,7,0,0
BRDA:64,7,1,1
BRDA:69,8,0,0
BRDA:69,8,1,1
BRDA:74,9,0,0
BRDA:74,9,1,1
BRDA:81,10,0,0
BRDA:81,10,1,1
BRDA:122,11,0,0
BRDA:122,11,1,0
BRDA:124,12,0,0
BRDA:124,12,1,0
BRF:26
BRH:14
end_of_record
TN:
SF:C:\Users\Martin\Desktop\node-js-app\Forum\models\crypto.js
FN:6,(anonymous_1)
FNF:1
FNH:1
FNDA:2,(anonymous_1)
DA:1,1
DA:3,1
DA:7,2
DA:8,2
DA:12,1
LF:5
LH:5
BRF:0
BRH:0
end_of_record
TN:
SF:C:\Users\Martin\Desktop\node-js-app\Forum\database\mongodb.js
FN:5,(anonymous_1)
FN:12,(anonymous_2)
FN:28,(anonymous_3)
FN:44,(anonymous_4)
FN:59,(anonymous_5)
FN:74,(anonymous_6)
FN:88,(anonymous_7)
FN:104,(anonymous_8)
FN:120,(anonymous_9)
FNF:9
FNH:5
FNDA:6,(anonymous_1)
FNDA:1,(anonymous_2)
FNDA:0,(anonymous_3)
FNDA:1,(anonymous_4)
FNDA:4,(anonymous_5)
FNDA:0,(anonymous_6)
FNDA:0,(anonymous_7)
FNDA:1,(anonymous_8)
FNDA:0,(anonymous_9)
DA:1,1
DA:2,1
DA:4,1
DA:6,6
DA:7,6
DA:8,6
DA:13,1
DA:14,1
DA:16,1
DA:17,1
DA:18,1
DA:23,0
DA:29,0
DA:30,0
DA:32,0
DA:33,0
DA:34,0
DA:39,0
DA:45,1
DA:46,1
DA:48,1
DA:51,1
DA:54,0
DA:60,4
DA:61,4
DA:63,4
DA:66,4
DA:69,0
DA:75,0
DA:76,0
DA:78,0
DA:80,0
DA:83,0
DA:89,0
DA:90,0
DA:91,0
DA:93,0
DA:96,0
DA:99,0
DA:105,1
DA:106,1
DA:108,1
DA:109,1
DA:110,1
DA:115,0
DA:121,0
DA:122,0
DA:124,0
DA:125,0
DA:126,0
DA:131,0
DA:137,1
LF:52
LH:25
BRF:0
BRH:0
end_of_record
